g:\github_prj\realserver\engine\thirdlibrary\log4cxx\apr-util\libd\aprutil_src.pdb
g:\github_prj\realserver\engine\thirdlibrary\log4cxx\apr-util\libd\apr_dbd_pgsql.obj
g:\github_prj\realserver\engine\thirdlibrary\log4cxx\apr-util\libd\apr_dbd.obj
g:\github_prj\realserver\engine\thirdlibrary\log4cxx\apr-util\libd\uuid.obj
g:\github_prj\realserver\engine\thirdlibrary\log4cxx\apr-util\libd\getuuid.obj
g:\github_prj\realserver\engine\thirdlibrary\log4cxx\apr-util\libd\apr_sha1.obj
g:\github_prj\realserver\engine\thirdlibrary\log4cxx\apr-util\libd\apr_md5.obj
g:\github_prj\realserver\engine\thirdlibrary\log4cxx\apr-util\libd\apr_md4.obj
g:\github_prj\realserver\engine\thirdlibrary\log4cxx\apr-util\libd\apr_buckets_socket.obj
g:\github_prj\realserver\engine\thirdlibrary\log4cxx\apr-util\libd\apr_buckets_simple.obj
g:\github_prj\realserver\engine\thirdlibrary\log4cxx\apr-util\libd\apr_buckets_refcount.obj
g:\github_prj\realserver\engine\thirdlibrary\log4cxx\apr-util\libd\apr_buckets_pool.obj
g:\github_prj\realserver\engine\thirdlibrary\log4cxx\apr-util\libd\apr_buckets_pipe.obj
g:\github_prj\realserver\engine\thirdlibrary\log4cxx\apr-util\libd\apr_buckets_mmap.obj
g:\github_prj\realserver\engine\thirdlibrary\log4cxx\apr-util\libd\apr_buckets_heap.obj
g:\github_prj\realserver\engine\thirdlibrary\log4cxx\apr-util\libd\apr_buckets_flush.obj
g:\github_prj\realserver\engine\thirdlibrary\log4cxx\apr-util\libd\apr_buckets_file.obj
g:\github_prj\realserver\engine\thirdlibrary\log4cxx\apr-util\libd\apr_buckets_eos.obj
g:\github_prj\realserver\engine\thirdlibrary\log4cxx\apr-util\libd\apr_buckets_alloc.obj
g:\github_prj\realserver\engine\thirdlibrary\log4cxx\apr-util\libd\apr_buckets.obj
g:\github_prj\realserver\engine\thirdlibrary\log4cxx\apr-util\libd\apr_brigade.obj
g:\github_prj\realserver\engine\thirdlibrary\log4cxx\apr-util\libd\apu_version.obj
g:\github_prj\realserver\engine\thirdlibrary\log4cxx\apr-util\libd\apr_rmm.obj
g:\github_prj\realserver\engine\thirdlibrary\log4cxx\apr-util\libd\apr_reslist.obj
g:\github_prj\realserver\engine\thirdlibrary\log4cxx\apr-util\libd\apr_queue.obj
g:\github_prj\realserver\engine\thirdlibrary\log4cxx\apr-util\libd\apr_date.obj
g:\github_prj\realserver\engine\thirdlibrary\log4cxx\apr-util\libd\apr_ldap_url.obj
g:\github_prj\realserver\engine\thirdlibrary\log4cxx\apr-util\libd\apr_ldap_option.obj
g:\github_prj\realserver\engine\thirdlibrary\log4cxx\apr-util\libd\apr_ldap_init.obj
g:\github_prj\realserver\engine\thirdlibrary\log4cxx\apr-util\libd\apr_hooks.obj
g:\github_prj\realserver\engine\thirdlibrary\log4cxx\apr-util\libd\apr_base64.obj
g:\github_prj\realserver\engine\thirdlibrary\log4cxx\apr-util\libd\sdbm_pair.obj
g:\github_prj\realserver\engine\thirdlibrary\log4cxx\apr-util\libd\sdbm_lock.obj
g:\github_prj\realserver\engine\thirdlibrary\log4cxx\apr-util\libd\sdbm_hash.obj
g:\github_prj\realserver\engine\thirdlibrary\log4cxx\apr-util\libd\sdbm.obj
g:\github_prj\realserver\engine\thirdlibrary\log4cxx\apr-util\libd\apr_dbm_sdbm.obj
g:\github_prj\realserver\engine\thirdlibrary\log4cxx\apr-util\libd\apr_dbm_gdbm.obj
g:\github_prj\realserver\engine\thirdlibrary\log4cxx\apr-util\libd\apr_dbm_berkeleydb.obj
g:\github_prj\realserver\engine\thirdlibrary\log4cxx\apr-util\libd\apr_dbm.obj
g:\github_prj\realserver\engine\thirdlibrary\log4cxx\apr-util\libd\apr_dbd_sqlite3.obj
g:\github_prj\realserver\engine\thirdlibrary\log4cxx\apr-util\libd\apr_dbd_sqlite2.obj
g:\github_prj\realserver\engine\thirdlibrary\log4cxx\apr-util\libd\apr_xml.obj
g:\github_prj\realserver\engine\thirdlibrary\log4cxx\apr-util\libd\xlate.obj
g:\github_prj\realserver\engine\thirdlibrary\log4cxx\apr-util\libd\apr_uri.obj
g:\github_prj\realserver\engine\thirdlibrary\log4cxx\apr-util\libd\apr_strmatch.obj
g:\github_prj\realserver\engine\thirdlibrary\log4cxx\apr-util\libd\aprutil_src
g:\github_prj\realserver\engine\thirdlibrary\log4cxx\apr-util\include\apr_ldap.h
g:\github_prj\realserver\engine\thirdlibrary\log4cxx\apr-util\include\apu.h
g:\github_prj\realserver\engine\thirdlibrary\log4cxx\apr-util\include\apu_want.h
g:\github_prj\realserver\engine\thirdlibrary\log4cxx\apr-util\include\private\apu_config.h
g:\github_prj\realserver\engine\thirdlibrary\log4cxx\apr-util\include\private\apu_select_dbm.h
g:\github_prj\realserver\engine\thirdlibrary\log4cxx\apr-util\libd\aprutil-1.lib
g:\github_prj\realserver\engine\thirdlibrary\log4cxx\apr-util\libd\aprutil.tlog\cl.command.1.tlog
g:\github_prj\realserver\engine\thirdlibrary\log4cxx\apr-util\libd\aprutil.tlog\cl.read.1.tlog
g:\github_prj\realserver\engine\thirdlibrary\log4cxx\apr-util\libd\aprutil.tlog\cl.write.1.tlog
g:\github_prj\realserver\engine\thirdlibrary\log4cxx\apr-util\libd\aprutil.tlog\custombuild.command.1.tlog
g:\github_prj\realserver\engine\thirdlibrary\log4cxx\apr-util\libd\aprutil.tlog\custombuild.read.1.tlog
g:\github_prj\realserver\engine\thirdlibrary\log4cxx\apr-util\libd\aprutil.tlog\custombuild.write.1.tlog
g:\github_prj\realserver\engine\thirdlibrary\log4cxx\apr-util\libd\aprutil.tlog\lib-link.read.1.tlog
g:\github_prj\realserver\engine\thirdlibrary\log4cxx\apr-util\libd\aprutil.tlog\lib-link.write.1.tlog
g:\github_prj\realserver\engine\thirdlibrary\log4cxx\apr-util\libd\aprutil.tlog\lib.command.1.tlog
