g:\github_prj\realserver\engine\thirdlibrary\log4cxx\apr\libd\apr_src.pdb
g:\github_prj\realserver\engine\thirdlibrary\log4cxx\apr\libd\thread_cond.obj
g:\github_prj\realserver\engine\thirdlibrary\log4cxx\apr\libd\proc_mutex.obj
g:\github_prj\realserver\engine\thirdlibrary\log4cxx\apr\libd\seek.obj
g:\github_prj\realserver\engine\thirdlibrary\log4cxx\apr\libd\readwrite.obj
g:\github_prj\realserver\engine\thirdlibrary\log4cxx\apr\libd\pipe.obj
g:\github_prj\realserver\engine\thirdlibrary\log4cxx\apr\libd\open.obj
g:\github_prj\realserver\engine\thirdlibrary\log4cxx\apr\libd\flock.obj
g:\github_prj\realserver\engine\thirdlibrary\log4cxx\apr\libd\filesys.obj
g:\github_prj\realserver\engine\thirdlibrary\log4cxx\apr\libd\filestat.obj
g:\github_prj\realserver\engine\thirdlibrary\log4cxx\apr\libd\filepath.obj
g:\github_prj\realserver\engine\thirdlibrary\log4cxx\apr\libd\filedup.obj
g:\github_prj\realserver\engine\thirdlibrary\log4cxx\apr\libd\dir.obj
g:\github_prj\realserver\engine\thirdlibrary\log4cxx\apr\libd\tempdir.obj
g:\github_prj\realserver\engine\thirdlibrary\log4cxx\apr\libd\mktemp.obj
g:\github_prj\realserver\engine\thirdlibrary\log4cxx\apr\libd\fullrw.obj
g:\github_prj\realserver\engine\thirdlibrary\log4cxx\apr\libd\filepath_util.obj
g:\github_prj\realserver\engine\thirdlibrary\log4cxx\apr\libd\fileacc.obj
g:\github_prj\realserver\engine\thirdlibrary\log4cxx\apr\libd\copy.obj
g:\github_prj\realserver\engine\thirdlibrary\log4cxx\apr\libd\dso.obj
g:\github_prj\realserver\engine\thirdlibrary\log4cxx\apr\libd\apr_atomic.obj
g:\github_prj\realserver\engine\thirdlibrary\log4cxx\apr\libd\sockaddr.obj
g:\github_prj\realserver\engine\thirdlibrary\log4cxx\apr\libd\inet_pton.obj
g:\github_prj\realserver\engine\thirdlibrary\log4cxx\apr\libd\inet_ntop.obj
g:\github_prj\realserver\engine\thirdlibrary\log4cxx\apr\libd\mmap.obj
g:\github_prj\realserver\engine\thirdlibrary\log4cxx\apr\libd\common.obj
g:\github_prj\realserver\engine\thirdlibrary\log4cxx\apr\libd\utf8.obj
g:\github_prj\realserver\engine\thirdlibrary\log4cxx\apr\libd\start.obj
g:\github_prj\realserver\engine\thirdlibrary\log4cxx\apr\libd\rand.obj
g:\github_prj\realserver\engine\thirdlibrary\log4cxx\apr\libd\misc.obj
g:\github_prj\realserver\engine\thirdlibrary\log4cxx\apr\libd\internal.obj
g:\github_prj\realserver\engine\thirdlibrary\log4cxx\apr\libd\env.obj
g:\github_prj\realserver\engine\thirdlibrary\log4cxx\apr\libd\charset.obj
g:\github_prj\realserver\engine\thirdlibrary\log4cxx\apr\libd\version.obj
g:\github_prj\realserver\engine\thirdlibrary\log4cxx\apr\libd\otherchild.obj
g:\github_prj\realserver\engine\thirdlibrary\log4cxx\apr\libd\getopt.obj
g:\github_prj\realserver\engine\thirdlibrary\log4cxx\apr\libd\errorcodes.obj
g:\github_prj\realserver\engine\thirdlibrary\log4cxx\apr\libd\apr_pools.obj
g:\github_prj\realserver\engine\thirdlibrary\log4cxx\apr\libd\thread_rwlock.obj
g:\github_prj\realserver\engine\thirdlibrary\log4cxx\apr\libd\thread_mutex.obj
g:\github_prj\realserver\engine\thirdlibrary\log4cxx\apr\libd\thread.obj
g:\github_prj\realserver\engine\thirdlibrary\log4cxx\apr\libd\signals.obj
g:\github_prj\realserver\engine\thirdlibrary\log4cxx\apr\libd\proc.obj
g:\github_prj\realserver\engine\thirdlibrary\log4cxx\apr\libd\apr_tables.obj
g:\github_prj\realserver\engine\thirdlibrary\log4cxx\apr\libd\apr_hash.obj
g:\github_prj\realserver\engine\thirdlibrary\log4cxx\apr\libd\apr_strtok.obj
g:\github_prj\realserver\engine\thirdlibrary\log4cxx\apr\libd\apr_strnatcmp.obj
g:\github_prj\realserver\engine\thirdlibrary\log4cxx\apr\libd\apr_strings.obj
g:\github_prj\realserver\engine\thirdlibrary\log4cxx\apr\libd\apr_snprintf.obj
g:\github_prj\realserver\engine\thirdlibrary\log4cxx\apr\libd\apr_fnmatch.obj
g:\github_prj\realserver\engine\thirdlibrary\log4cxx\apr\libd\apr_cpystrn.obj
g:\github_prj\realserver\engine\thirdlibrary\log4cxx\apr\libd\shm.obj
g:\github_prj\realserver\engine\thirdlibrary\log4cxx\apr\libd\sha2_glue.obj
g:\github_prj\realserver\engine\thirdlibrary\log4cxx\apr\libd\sha2.obj
g:\github_prj\realserver\engine\thirdlibrary\log4cxx\apr\libd\apr_random.obj
g:\github_prj\realserver\engine\thirdlibrary\log4cxx\apr\libd\select.obj
g:\github_prj\realserver\engine\thirdlibrary\log4cxx\apr\libd\apr_getpass.obj
g:\github_prj\realserver\engine\thirdlibrary\log4cxx\apr\libd\sockopt.obj
g:\github_prj\realserver\engine\thirdlibrary\log4cxx\apr\libd\sockets.obj
g:\github_prj\realserver\engine\thirdlibrary\log4cxx\apr\libd\sendrecv.obj
g:\github_prj\realserver\engine\thirdlibrary\log4cxx\apr\libd\userinfo.obj
g:\github_prj\realserver\engine\thirdlibrary\log4cxx\apr\libd\groupinfo.obj
g:\github_prj\realserver\engine\thirdlibrary\log4cxx\apr\libd\timestr.obj
g:\github_prj\realserver\engine\thirdlibrary\log4cxx\apr\libd\time.obj
g:\github_prj\realserver\engine\thirdlibrary\log4cxx\apr\libd\access.obj
g:\github_prj\realserver\engine\thirdlibrary\log4cxx\apr\libd\threadpriv.obj
g:\github_prj\realserver\engine\thirdlibrary\log4cxx\apr\libd\multicast.obj
g:\github_prj\realserver\engine\thirdlibrary\log4cxx\apr\libd\apr_src
g:\github_prj\realserver\engine\thirdlibrary\log4cxx\apr\include\apr.h
g:\github_prj\realserver\engine\thirdlibrary\log4cxx\apr\libd\apr-1.lib
g:\github_prj\realserver\engine\thirdlibrary\log4cxx\apr\libd\apr.tlog\cl.command.1.tlog
g:\github_prj\realserver\engine\thirdlibrary\log4cxx\apr\libd\apr.tlog\cl.read.1.tlog
g:\github_prj\realserver\engine\thirdlibrary\log4cxx\apr\libd\apr.tlog\cl.write.1.tlog
g:\github_prj\realserver\engine\thirdlibrary\log4cxx\apr\libd\apr.tlog\custombuild.command.1.tlog
g:\github_prj\realserver\engine\thirdlibrary\log4cxx\apr\libd\apr.tlog\custombuild.read.1.tlog
g:\github_prj\realserver\engine\thirdlibrary\log4cxx\apr\libd\apr.tlog\custombuild.write.1.tlog
g:\github_prj\realserver\engine\thirdlibrary\log4cxx\apr\libd\apr.tlog\lib-link.read.1.tlog
g:\github_prj\realserver\engine\thirdlibrary\log4cxx\apr\libd\apr.tlog\lib-link.write.1.tlog
g:\github_prj\realserver\engine\thirdlibrary\log4cxx\apr\libd\apr.tlog\lib.command.1.tlog
