  apr_brigade.c
  apr_buckets.c
  apr_buckets_alloc.c
  apr_buckets_eos.c
  apr_buckets_file.c
  apr_buckets_flush.c
  apr_buckets_heap.c
  apr_buckets_mmap.c
  apr_buckets_pipe.c
  apr_buckets_pool.c
  apr_buckets_refcount.c
  apr_buckets_simple.c
  apr_buckets_socket.c
  apr_md4.c
  apr_md5.c
  apr_sha1.c
  getuuid.c
  uuid.c
  apr_dbd.c
  apr_dbd_pgsql.c
  正在生成代码...
  正在编译...
  apr_dbd_sqlite2.c
  apr_dbd_sqlite3.c
  apr_dbm.c
  apr_dbm_berkeleydb.c
  apr_dbm_gdbm.c
  apr_dbm_sdbm.c
  sdbm.c
  sdbm_hash.c
  sdbm_lock.c
  sdbm_pair.c
  apr_base64.c
  apr_hooks.c
  apr_ldap_init.c
  apr_ldap_option.c
  apr_ldap_url.c
  apr_date.c
  apr_queue.c
  apr_reslist.c
  apr_rmm.c
  apu_version.c
  正在生成代码...
  正在编译...
  apr_strmatch.c
  apr_uri.c
  xlate.c
  apr_xml.c
  正在生成代码...
C:\Program Files (x86)\Microsoft Visual Studio\2017\Enterprise\Common7\IDE\VC\VCTargets\Microsoft.CppBuild.targets(1397,5): warning MSB8012: TargetPath(G:\gitHub_Prj\RealServer\Build\win32\thirdlibrary\log4cxx\apr-util\.\LibD\aprutil.lib) 与 Library 的 OutputFile 属性值(G:\gitHub_Prj\RealServer\Build\win32\thirdlibrary\log4cxx\apr-util\LibD\aprutil-1.lib)不匹配。这可能导致项目生成不正确。若要更正此问题，请确保 $(OutDir)、$(TargetName) 和 $(TargetExt) 属性值与 %(Lib.OutputFile) 中指定的值匹配。
C:\Program Files (x86)\Microsoft Visual Studio\2017\Enterprise\Common7\IDE\VC\VCTargets\Microsoft.CppBuild.targets(1399,5): warning MSB8012: TargetName(aprutil) 与 Library 的 OutputFile 属性值(aprutil-1)不匹配。这可能导致项目生成不正确。若要更正此问题，请确保 $(OutDir)、$(TargetName) 和 $(TargetExt) 属性值与 %(Lib.OutputFile) 中指定的值匹配。
  aprutil.vcxproj -> G:\gitHub_Prj\RealServer\Build\win32\thirdlibrary\log4cxx\apr-util\.\LibD\aprutil.lib
