2019-01-16 23:03:30,765 0x0000236c INFO  AllianceServer1 - [AllianceServer1],创建成功 晒?? 
2019-01-16 23:03:30,765 0x0000236c INFO  AllianceServer1 - [AllianceServer1],准备初始化数据 化数据 据  
2019-01-16 23:03:30,765 0x0000236c INFO  AllianceServer1 - [xXMLParser],初始化 化  
2019-01-16 23:03:30,766 0x0000236c DEBUG AllianceServer1 - [Tools] 杞 config.xmlxml
2019-01-16 23:03:30,766 0x0000236c DEBUG AllianceServer1 - [global] test, 10000
2019-01-16 23:03:30,766 0x0000236c DEBUG AllianceServer1 - [global] logDirectory, log
2019-01-16 23:03:30,766 0x0000236c DEBUG AllianceServer1 - [global] sha1key, abcdef!@#$%6d2
2019-01-16 23:03:30,766 0x0000236c DEBUG AllianceServer1 - [global] maxUser, 0
2019-01-16 23:03:30,766 0x0000236c DEBUG AllianceServer1 - [global] lan, Config/language/
2019-01-16 23:03:30,767 0x0000236c DEBUG AllianceServer1 - [global] zoneid, 1
2019-01-16 23:03:30,767 0x0000236c DEBUG AllianceServer1 - [global] centerip, 0.0.0.0
2019-01-16 23:03:30,767 0x0000236c DEBUG AllianceServer1 - [global] centerport, 27003
2019-01-16 23:03:30,767 0x0000236c INFO  AllianceServer1 - [AllianceServer1],加载区信息  畔?   
2019-01-16 23:03:30,768 0x0000236c INFO  AllianceServer1 - [AllianceServer1],加载 PlatformName1(20130001) 平台信息台信息?
2019-01-16 23:03:30,768 0x0000236c INFO  AllianceServer1 - [AllianceServer1],加载 JesseTest(1) 区信息,开区时间:2012-04-14 17:00:00(1334394000)34394000)
2019-01-16 23:03:30,768 0x0000236c INFO  AllianceServer1 - [AllianceServer1],加载SERVERLIST信息 0.0.0.0,root,gmy369,act_platform_new_new
2019-01-16 23:03:30,768 0x0000236c INFO  AllianceServer1 - [AllianceServer1],加载服务器列表  髁斜? ?  
2019-01-16 23:03:30,776 0x0000236c ERROR AllianceServer1 - [MYSQL]不能连接mysql server:0.0.0.0, user:root, password:gmy369, database:act_platform_new_new
2019-01-16 23:03:30,777 0x0000236c ERROR AllianceServer1 - [加载服务器列表],初始化数据库连接失败?
2019-01-16 23:03:30,777 0x0000236c ERROR AllianceServer1 - [AllianceServer1],加载服务器列表失败  斜硎О? 败   
2019-01-16 23:03:30,777 0x0000236c INFO  AllianceServer1 - [AllianceServer1],主循环结束，即将终止 即将终?终止 ? 
2019-01-16 23:03:30,787 0x0000236c ERROR AllianceServer1 - [AllianceServer1]v_serverCallback err
2019-01-16 23:03:30,787 0x0000236c INFO  AllianceServer1 - [AllianceServer1],主循环结束，即将终止 即将终?终止 ? 
2019-01-16 23:03:30,787 0x0000236c INFO  AllianceServer1 - [AllianceServer1]final
2019-01-16 23:03:30,787 0x0000236c ERROR AllianceServer1 - [Socket]closesocket failed fd-842150451 ret-1
2019-01-16 23:03:30,787 0x0000236c INFO  AllianceServer1 - [AllianceServer1],进程终止 罩?? 
